Starting Scan...
Checking aws-0-us-east-1...
❌ aws-0-us-east-1: WRONG_REGION (Tenant missing)
Checking aws-0-us-east-2...
❌ aws-0-us-east-2: timeout expired
Checking aws-0-us-west-1...
❌ aws-0-us-west-1: WRONG_REGION (Tenant missing)
Checking aws-0-us-west-2...
❌ aws-0-us-west-2: WRONG_REGION (Tenant missing)
Checking aws-0-eu-central-1...
❌ aws-0-eu-central-1: WRONG_REGION (Tenant missing)
Checking aws-0-eu-west-1...
❌ aws-0-eu-west-1: WRONG_REGION (Tenant missing)
Checking aws-0-eu-west-2...
❌ aws-0-eu-west-2: WRONG_REGION (Tenant missing)
Checking aws-0-eu-west-3...
❌ aws-0-eu-west-3: WRONG_REGION (Tenant missing)
Checking aws-0-eu-north-1...
❌ aws-0-eu-north-1: WRONG_REGION (Tenant missing)
Checking aws-0-ap-southeast-1...
❌ aws-0-ap-southeast-1: WRONG_REGION (Tenant missing)
Checking aws-0-ap-southeast-2...
❌ aws-0-ap-southeast-2: timeout expired
Checking aws-0-ap-northeast-1...
❌ aws-0-ap-northeast-1: WRONG_REGION (Tenant missing)
Checking aws-0-ap-northeast-2...
❌ aws-0-ap-northeast-2: WRONG_REGION (Tenant missing)
Checking aws-0-ap-south-1...
❌ aws-0-ap-south-1: WRONG_REGION (Tenant missing)
Checking aws-0-sa-east-1...
❌ aws-0-sa-east-1: WRONG_REGION (Tenant missing)
Checking aws-0-ca-central-1...
❌ aws-0-ca-central-1: WRONG_REGION (Tenant missing)
Scan Complete.
